<?xml version="1.0" encoding="UTF-8"?>
<!-- Generated by org.testng.reporters.JUnitXMLReporter -->
<testsuite hostname="DLLA1421" name="Surefire test" tests="1" failures="1" timestamp="12 Dec 2018 09:00:33 GMT" time="94.39" errors="0">
  <testcase name="run_cukes" time="94.358" classname="org.stepdefs.RunnableClass">
    <failure type="cucumber.runtime.CucumberException" message="java.lang.AssertionError: Title is different expected [textbooks and Classroom Resources for Nursing and Health Professions - F.A. Davis Company] but found [Textbooks and Classroom Resources for Nursing and Health Professions - F.A. Davis Company]">
      <![CDATA[cucumber.runtime.CucumberException: java.lang.AssertionError: Title is different expected [textbooks and Classroom Resources for Nursing and Health Professions - F.A. Davis Company] but found [Textbooks and Classroom Resources for Nursing and Health Professions - F.A. Davis Company]
	at cucumber.api.testng.TestNGCucumberRunner.runCukes(TestNGCucumberRunner.java:48)
	at cucumber.api.testng.AbstractTestNGCucumberTests.run_cukes(AbstractTestNGCucumberTests.java:14)
	at cucumber.api.testng.AbstractTestNGCucumberTests.run(AbstractTestNGCucumberTests.java:19)
Caused by: java.lang.AssertionError: Title is different expected [textbooks and Classroom Resources for Nursing and Health Professions - F.A. Davis Company] but found [Textbooks and Classroom Resources for Nursing and Health Professions - F.A. Davis Company]
	at org.stepdefs.TitleVerification.Verify_Title(TitleVerification.java:17)
	at ✽.Then Verify Title(TitleVerification.feature:6)
... Removed 39 stack frames]]>
    </failure>
  </testcase> <!-- run_cukes -->
</testsuite> <!-- Surefire test -->
