-------------------------------------------------------------------------------
Test set: org.stepdefs.RunnableClass
-------------------------------------------------------------------------------
Tests run: 1, Failures: 1, Errors: 0, Skipped: 0, Time elapsed: 94.846 sec <<< FAILURE! - in org.stepdefs.RunnableClass
run_cukes(org.stepdefs.RunnableClass)  Time elapsed: 94.374 sec  <<< FAILURE!
cucumber.runtime.CucumberException: java.lang.AssertionError: Title is different expected [textbooks and Classroom Resources for Nursing and Health Professions - F.A. Davis Company] but found [Textbooks and Classroom Resources for Nursing and Health Professions - F.A. Davis Company]
Caused by: java.lang.AssertionError: Title is different expected [textbooks and Classroom Resources for Nursing and Health Professions - F.A. Davis Company] but found [Textbooks and Classroom Resources for Nursing and Health Professions - F.A. Davis Company]

