<?xml version="1.0" encoding="UTF-8"?>
<testng-results skipped="0" failed="0" total="1" passed="1">
  <reporter-output>
    <line>
      <![CDATA[<div "featureFile">Feature File: Login.feature</div>]]>
    </line>
    <line>
      <![CDATA[<div "feature">Feature: Check the Authenticity of the FADAVIS.COM website.</div>]]>
    </line>
    <line>
      <![CDATA[<div "result">Given  Launch URL (passed : 6s)</div>]]>
    </line>
    <line>
      <![CDATA[<div "scenario">Scenario: Check the authenticity using correct login credentials.</div>]]>
    </line>
    <line>
      <![CDATA[<div "result">When  Click on Login&#x2F;Join button (passed : 6s)</div>]]>
    </line>
    <line>
      <![CDATA[<div "result">And  Enter Correct Email ID (passed : 0s)</div>]]>
    </line>
    <line>
      <![CDATA[<div "result">And  Enter Correct Password (passed : 0s)</div>]]>
    </line>
    <line>
      <![CDATA[<div "result">And  Click on Login Button (passed : 6s)</div>]]>
    </line>
    <line>
      <![CDATA[<div "result">Then  Login is Successfull. (passed : 0s)</div>]]>
    </line>
    <line>
      <![CDATA[<div "result">Given  Launch URL (passed : 6s)</div>]]>
    </line>
    <line>
      <![CDATA[<div "scenario">Scenario: Check the message displayed when incorrect email is used.</div>]]>
    </line>
    <line>
      <![CDATA[<div "result">When  Click on Login&#x2F;Join button (passed : 6s)</div>]]>
    </line>
    <line>
      <![CDATA[<div "result">And  Enter Incorrect Email ID (passed : 0s)</div>]]>
    </line>
    <line>
      <![CDATA[<div "result">Then  Application displays error message. (passed : 0s)</div>]]>
    </line>
    <line>
      <![CDATA[<div "result">Given  Launch URL (passed : 6s)</div>]]>
    </line>
    <line>
      <![CDATA[<div "scenario">Scenario: Confirm the presence of Alert, when incorrect password is used.</div>]]>
    </line>
    <line>
      <![CDATA[<div "result">When  Click on Login&#x2F;Join button (passed : 6s)</div>]]>
    </line>
    <line>
      <![CDATA[<div "result">And  Enter Correct Email ID (passed : 0s)</div>]]>
    </line>
    <line>
      <![CDATA[<div "result">And  Enter Incorrect Password (passed : 0s)</div>]]>
    </line>
    <line>
      <![CDATA[<div "result">And  Click on Login Button (passed : 3s)</div>]]>
    </line>
    <line>
      <![CDATA[<div "result">Then  Alert message should be present about incorrect password (passed : 0s)</div>]]>
    </line>
    <line>
      <![CDATA[<div "featureFile">Feature File: TitleVerification.feature</div>]]>
    </line>
    <line>
      <![CDATA[<div "feature">Feature: Test Fadavis.com</div>]]>
    </line>
    <line>
      <![CDATA[<div "scenario">Scenario: Verification of FADAVIS.COM Title</div>]]>
    </line>
    <line>
      <![CDATA[<div "result">Given  Launch URL (passed : 8s)</div>]]>
    </line>
    <line>
      <![CDATA[<div "result">Then  Verify Title (passed : 0s)</div>]]>
    </line>
  </reporter-output>
  <suite name="Surefire suite" duration-ms="114444" started-at="2018-12-16T04:51:40Z" finished-at="2018-12-16T04:53:35Z">
    <groups>
      <group name="cucumber">
        <method signature="AbstractTestNGCucumberTests.run_cukes()[pri:0, instance:org.stepdefs.RunnableClass@9629756]" name="run_cukes" class="cucumber.api.testng.AbstractTestNGCucumberTests"/>
      </group> <!-- cucumber -->
    </groups>
    <test name="Surefire test" duration-ms="114444" started-at="2018-12-16T04:51:40Z" finished-at="2018-12-16T04:53:35Z">
      <class name="org.stepdefs.RunnableClass">
        <test-method status="PASS" signature="run_cukes()[pri:0, instance:org.stepdefs.RunnableClass@9629756]" name="run_cukes" duration-ms="114431" started-at="2018-12-16T10:21:40Z" description="Runs Cucumber Features" finished-at="2018-12-16T10:23:35Z">
          <reporter-output>
            <line>
              <![CDATA[<div "featureFile">Feature File: Login.feature</div>]]>
            </line>
            <line>
              <![CDATA[<div "feature">Feature: Check the Authenticity of the FADAVIS.COM website.</div>]]>
            </line>
            <line>
              <![CDATA[<div "result">Given  Launch URL (passed : 6s)</div>]]>
            </line>
            <line>
              <![CDATA[<div "scenario">Scenario: Check the authenticity using correct login credentials.</div>]]>
            </line>
            <line>
              <![CDATA[<div "result">When  Click on Login&#x2F;Join button (passed : 6s)</div>]]>
            </line>
            <line>
              <![CDATA[<div "result">And  Enter Correct Email ID (passed : 0s)</div>]]>
            </line>
            <line>
              <![CDATA[<div "result">And  Enter Correct Password (passed : 0s)</div>]]>
            </line>
            <line>
              <![CDATA[<div "result">And  Click on Login Button (passed : 6s)</div>]]>
            </line>
            <line>
              <![CDATA[<div "result">Then  Login is Successfull. (passed : 0s)</div>]]>
            </line>
            <line>
              <![CDATA[<div "result">Given  Launch URL (passed : 6s)</div>]]>
            </line>
            <line>
              <![CDATA[<div "scenario">Scenario: Check the message displayed when incorrect email is used.</div>]]>
            </line>
            <line>
              <![CDATA[<div "result">When  Click on Login&#x2F;Join button (passed : 6s)</div>]]>
            </line>
            <line>
              <![CDATA[<div "result">And  Enter Incorrect Email ID (passed : 0s)</div>]]>
            </line>
            <line>
              <![CDATA[<div "result">Then  Application displays error message. (passed : 0s)</div>]]>
            </line>
            <line>
              <![CDATA[<div "result">Given  Launch URL (passed : 6s)</div>]]>
            </line>
            <line>
              <![CDATA[<div "scenario">Scenario: Confirm the presence of Alert, when incorrect password is used.</div>]]>
            </line>
            <line>
              <![CDATA[<div "result">When  Click on Login&#x2F;Join button (passed : 6s)</div>]]>
            </line>
            <line>
              <![CDATA[<div "result">And  Enter Correct Email ID (passed : 0s)</div>]]>
            </line>
            <line>
              <![CDATA[<div "result">And  Enter Incorrect Password (passed : 0s)</div>]]>
            </line>
            <line>
              <![CDATA[<div "result">And  Click on Login Button (passed : 3s)</div>]]>
            </line>
            <line>
              <![CDATA[<div "result">Then  Alert message should be present about incorrect password (passed : 0s)</div>]]>
            </line>
            <line>
              <![CDATA[<div "featureFile">Feature File: TitleVerification.feature</div>]]>
            </line>
            <line>
              <![CDATA[<div "feature">Feature: Test Fadavis.com</div>]]>
            </line>
            <line>
              <![CDATA[<div "scenario">Scenario: Verification of FADAVIS.COM Title</div>]]>
            </line>
            <line>
              <![CDATA[<div "result">Given  Launch URL (passed : 8s)</div>]]>
            </line>
            <line>
              <![CDATA[<div "result">Then  Verify Title (passed : 0s)</div>]]>
            </line>
          </reporter-output>
        </test-method> <!-- run_cukes -->
      </class> <!-- org.stepdefs.RunnableClass -->
    </test> <!-- Surefire test -->
  </suite> <!-- Surefire suite -->
</testng-results>
